2019-12-10 17:07:18.967  INFO 10104 --- [restartedMain] kingja.chat.DemoApplication              : Starting DemoApplication on PC-201802261432 with PID 10104 (H:\android\apps\chatroom\target\classes started by Administrator in H:\android\apps\chatroom)
2019-12-10 17:07:18.969  INFO 10104 --- [restartedMain] kingja.chat.DemoApplication              : The following profiles are active: dev
2019-12-10 17:07:19.179  INFO 10104 --- [restartedMain] .e.DevToolsPropertyDefaultsPostProcessor : Devtools property defaults active! Set 'spring.devtools.add-properties' to 'false' to disable
2019-12-10 17:07:19.180  INFO 10104 --- [restartedMain] .e.DevToolsPropertyDefaultsPostProcessor : For additional web related logging consider setting the 'logging.level.web' property to 'DEBUG'
2019-12-10 17:07:20.345  INFO 10104 --- [restartedMain] o.s.b.w.embedded.tomcat.TomcatWebServer  : Tomcat initialized with port(s): 8090 (http)
2019-12-10 17:07:20.361  INFO 10104 --- [restartedMain] o.apache.catalina.core.StandardService   : Starting service [Tomcat]
2019-12-10 17:07:20.362  INFO 10104 --- [restartedMain] org.apache.catalina.core.StandardEngine  : Starting Servlet engine: [Apache Tomcat/9.0.21]
2019-12-10 17:07:20.367  INFO 10104 --- [restartedMain] o.a.catalina.core.AprLifecycleListener   : Loaded APR based Apache Tomcat Native library [1.2.23] using APR version [1.7.0].
2019-12-10 17:07:20.367  INFO 10104 --- [restartedMain] o.a.catalina.core.AprLifecycleListener   : APR capabilities: IPv6 [true], sendfile [true], accept filters [false], random [true].
2019-12-10 17:07:20.367  INFO 10104 --- [restartedMain] o.a.catalina.core.AprLifecycleListener   : APR/OpenSSL configuration: useAprConnector [false], useOpenSSL [true]
2019-12-10 17:07:20.370  INFO 10104 --- [restartedMain] o.a.catalina.core.AprLifecycleListener   : OpenSSL successfully initialized [OpenSSL 1.1.1c  28 May 2019]
2019-12-10 17:07:20.446  INFO 10104 --- [restartedMain] o.a.c.c.C.[Tomcat].[localhost].[/]       : Initializing Spring embedded WebApplicationContext
2019-12-10 17:07:20.446  INFO 10104 --- [restartedMain] o.s.web.context.ContextLoader            : Root WebApplicationContext: initialization completed in 1266 ms
2019-12-10 17:07:20.977  INFO 10104 --- [restartedMain] o.s.s.concurrent.ThreadPoolTaskExecutor  : Initializing ExecutorService 'applicationTaskExecutor'
2019-12-10 17:07:21.236  INFO 10104 --- [restartedMain] o.s.b.d.a.OptionalLiveReloadServer       : LiveReload server is running on port 35729
2019-12-10 17:07:21.274  INFO 10104 --- [restartedMain] o.s.b.w.embedded.tomcat.TomcatWebServer  : Tomcat started on port(s): 8090 (http) with context path ''
2019-12-10 17:07:21.276  INFO 10104 --- [restartedMain] kingja.chat.DemoApplication              : Started DemoApplication in 3.078 seconds (JVM running for 3.731)
2019-12-10 17:07:33.806  INFO 10104 --- [http-nio-8090-exec-1] o.a.c.c.C.[Tomcat].[localhost].[/]       : Initializing Spring DispatcherServlet 'dispatcherServlet'
2019-12-10 17:07:33.806  INFO 10104 --- [http-nio-8090-exec-1] o.s.web.servlet.DispatcherServlet        : Initializing Servlet 'dispatcherServlet'
2019-12-10 17:07:33.818  INFO 10104 --- [http-nio-8090-exec-1] o.s.web.servlet.DispatcherServlet        : Completed initialization in 12 ms
2019-12-10 17:07:33.830 ERROR 10104 --- [http-nio-8090-exec-1] kingja.chat.filter.CorsWebFilter         : path:/create
2019-12-10 17:07:33.852 ERROR 10104 --- [http-nio-8090-exec-2] kingja.chat.filter.CorsWebFilter         : path:/create
2019-12-10 17:07:33.920  INFO 10104 --- [http-nio-8090-exec-2] kingja.chat.aspect.ChatAspect            : URL : http://127.0.0.1:8090/create
2019-12-10 17:07:33.920  INFO 10104 --- [http-nio-8090-exec-2] kingja.chat.aspect.ChatAspect            : HTTP_METHOD : POST
2019-12-10 17:07:34.923  INFO 10104 --- [http-nio-8090-exec-2] k.chat.controller.ConnectController      : formCreate : FormCreate{fingerprint='286a5d250864329101851220ae25d727', password='', needLimitCount=false, maxCount=20, needCheck=false}
2019-12-10 17:07:34.961  INFO 10104 --- [http-nio-8090-exec-2] com.zaxxer.hikari.HikariDataSource       : HikariPool-1 - Starting...
2019-12-10 17:07:35.060  INFO 10104 --- [http-nio-8090-exec-2] com.zaxxer.hikari.HikariDataSource       : HikariPool-1 - Start completed.
