2019-12-11 15:05:51.348 [restartedMain] ERROR org.springframework.boot.SpringApplication - Application run failed
java.lang.IllegalStateException: Logback configuration error detected: 
ERROR in ch.qos.logback.classic.PatternLayout("null") - Empty or null pattern.
	at org.springframework.boot.logging.logback.LogbackLoggingSystem.loadConfiguration(LogbackLoggingSystem.java:166)
	at org.springframework.boot.logging.AbstractLoggingSystem.initializeWithConventions(AbstractLoggingSystem.java:79)
	at org.springframework.boot.logging.AbstractLoggingSystem.initialize(AbstractLoggingSystem.java:59)
	at org.springframework.boot.logging.logback.LogbackLoggingSystem.initialize(LogbackLoggingSystem.java:117)
	at org.springframework.boot.context.logging.LoggingApplicationListener.initializeSystem(LoggingApplicationListener.java:279)
	at org.springframework.boot.context.logging.LoggingApplicationListener.initialize(LoggingApplicationListener.java:254)
	at org.springframework.boot.context.logging.LoggingApplicationListener.onApplicationEnvironmentPreparedEvent(LoggingApplicationListener.java:219)
	at org.springframework.boot.context.logging.LoggingApplicationListener.onApplicationEvent(LoggingApplicationListener.java:196)
	at org.springframework.context.event.SimpleApplicationEventMulticaster.doInvokeListener(SimpleApplicationEventMulticaster.java:172)
	at org.springframework.context.event.SimpleApplicationEventMulticaster.invokeListener(SimpleApplicationEventMulticaster.java:165)
	at org.springframework.context.event.SimpleApplicationEventMulticaster.multicastEvent(SimpleApplicationEventMulticaster.java:139)
	at org.springframework.context.event.SimpleApplicationEventMulticaster.multicastEvent(SimpleApplicationEventMulticaster.java:127)
	at org.springframework.boot.context.event.EventPublishingRunListener.environmentPrepared(EventPublishingRunListener.java:75)
	at org.springframework.boot.SpringApplicationRunListeners.environmentPrepared(SpringApplicationRunListeners.java:53)
	at org.springframework.boot.SpringApplication.prepareEnvironment(SpringApplication.java:340)
	at org.springframework.boot.SpringApplication.run(SpringApplication.java:304)
	at org.springframework.boot.SpringApplication.run(SpringApplication.java:1213)
	at org.springframework.boot.SpringApplication.run(SpringApplication.java:1202)
	at kingja.chat.DemoApplication.main(DemoApplication.java:14)
	at sun.reflect.NativeMethodAccessorImpl.invoke0(Native Method)
	at sun.reflect.NativeMethodAccessorImpl.invoke(NativeMethodAccessorImpl.java:62)
	at sun.reflect.DelegatingMethodAccessorImpl.invoke(DelegatingMethodAccessorImpl.java:43)
	at java.lang.reflect.Method.invoke(Method.java:498)
	at org.springframework.boot.devtools.restart.RestartLauncher.run(RestartLauncher.java:49)
2019-12-11 15:06:07.639 [restartedMain] INFO  kingja.chat.DemoApplication - Starting DemoApplication on PC-201802261432 with PID 6036 (H:\android\apps\chatroom\target\classes started by Administrator in H:\android\apps\chatroom)
2019-12-11 15:06:07.641 [restartedMain] INFO  kingja.chat.DemoApplication - The following profiles are active: dev
2019-12-11 15:06:07.732 [restartedMain] INFO  o.s.b.d.env.DevToolsPropertyDefaultsPostProcessor - Devtools property defaults active! Set 'spring.devtools.add-properties' to 'false' to disable
2019-12-11 15:06:07.732 [restartedMain] INFO  o.s.b.d.env.DevToolsPropertyDefaultsPostProcessor - For additional web related logging consider setting the 'logging.level.web' property to 'DEBUG'
2019-12-11 15:06:08.999 [restartedMain] INFO  o.s.boot.web.embedded.tomcat.TomcatWebServer - Tomcat initialized with port(s): 8090 (http)
2019-12-11 15:06:09.009 [restartedMain] INFO  org.apache.coyote.http11.Http11NioProtocol - Initializing ProtocolHandler ["http-nio-8090"]
2019-12-11 15:06:09.016 [restartedMain] INFO  org.apache.catalina.core.StandardService - Starting service [Tomcat]
2019-12-11 15:06:09.016 [restartedMain] INFO  org.apache.catalina.core.StandardEngine - Starting Servlet engine: [Apache Tomcat/9.0.21]
2019-12-11 15:06:09.020 [restartedMain] INFO  org.apache.catalina.core.AprLifecycleListener - Loaded APR based Apache Tomcat Native library [1.2.23] using APR version [1.7.0].
2019-12-11 15:06:09.021 [restartedMain] INFO  org.apache.catalina.core.AprLifecycleListener - APR capabilities: IPv6 [true], sendfile [true], accept filters [false], random [true].
2019-12-11 15:06:09.021 [restartedMain] INFO  org.apache.catalina.core.AprLifecycleListener - APR/OpenSSL configuration: useAprConnector [false], useOpenSSL [true]
2019-12-11 15:06:09.023 [restartedMain] INFO  org.apache.catalina.core.AprLifecycleListener - OpenSSL successfully initialized [OpenSSL 1.1.1c  28 May 2019]
2019-12-11 15:06:09.099 [restartedMain] INFO  o.a.c.core.ContainerBase.[Tomcat].[localhost].[/] - Initializing Spring embedded WebApplicationContext
2019-12-11 15:06:09.099 [restartedMain] INFO  org.springframework.web.context.ContextLoader - Root WebApplicationContext: initialization completed in 1367 ms
2019-12-11 15:06:09.565 [restartedMain] INFO  o.s.scheduling.concurrent.ThreadPoolTaskExecutor - Initializing ExecutorService 'applicationTaskExecutor'
2019-12-11 15:06:09.841 [restartedMain] INFO  o.s.b.d.autoconfigure.OptionalLiveReloadServer - LiveReload server is running on port 35729
2019-12-11 15:06:09.862 [restartedMain] INFO  org.apache.coyote.http11.Http11NioProtocol - Starting ProtocolHandler ["http-nio-8090"]
2019-12-11 15:06:09.878 [restartedMain] INFO  o.s.boot.web.embedded.tomcat.TomcatWebServer - Tomcat started on port(s): 8090 (http) with context path ''
2019-12-11 15:06:09.880 [restartedMain] INFO  kingja.chat.DemoApplication - Started DemoApplication in 3.19 seconds (JVM running for 3.854)
2019-12-11 15:06:55.896 [restartedMain] INFO  kingja.chat.DemoApplication - Starting DemoApplication on PC-201802261432 with PID 2408 (H:\android\apps\chatroom\target\classes started by Administrator in H:\android\apps\chatroom)
2019-12-11 15:06:55.899 [restartedMain] INFO  kingja.chat.DemoApplication - The following profiles are active: dev
2019-12-11 15:06:55.991 [restartedMain] INFO  o.s.b.d.env.DevToolsPropertyDefaultsPostProcessor - Devtools property defaults active! Set 'spring.devtools.add-properties' to 'false' to disable
2019-12-11 15:06:55.991 [restartedMain] INFO  o.s.b.d.env.DevToolsPropertyDefaultsPostProcessor - For additional web related logging consider setting the 'logging.level.web' property to 'DEBUG'
2019-12-11 15:06:57.107 [restartedMain] INFO  o.s.boot.web.embedded.tomcat.TomcatWebServer - Tomcat initialized with port(s): 8090 (http)
2019-12-11 15:06:57.117 [restartedMain] INFO  org.apache.coyote.http11.Http11NioProtocol - Initializing ProtocolHandler ["http-nio-8090"]
2019-12-11 15:06:57.123 [restartedMain] INFO  org.apache.catalina.core.StandardService - Starting service [Tomcat]
2019-12-11 15:06:57.124 [restartedMain] INFO  org.apache.catalina.core.StandardEngine - Starting Servlet engine: [Apache Tomcat/9.0.21]
2019-12-11 15:06:57.129 [restartedMain] INFO  org.apache.catalina.core.AprLifecycleListener - Loaded APR based Apache Tomcat Native library [1.2.23] using APR version [1.7.0].
2019-12-11 15:06:57.129 [restartedMain] INFO  org.apache.catalina.core.AprLifecycleListener - APR capabilities: IPv6 [true], sendfile [true], accept filters [false], random [true].
2019-12-11 15:06:57.129 [restartedMain] INFO  org.apache.catalina.core.AprLifecycleListener - APR/OpenSSL configuration: useAprConnector [false], useOpenSSL [true]
2019-12-11 15:06:57.132 [restartedMain] INFO  org.apache.catalina.core.AprLifecycleListener - OpenSSL successfully initialized [OpenSSL 1.1.1c  28 May 2019]
2019-12-11 15:06:57.207 [restartedMain] INFO  o.a.c.core.ContainerBase.[Tomcat].[localhost].[/] - Initializing Spring embedded WebApplicationContext
2019-12-11 15:06:57.207 [restartedMain] INFO  org.springframework.web.context.ContextLoader - Root WebApplicationContext: initialization completed in 1216 ms
2019-12-11 15:06:57.672 [restartedMain] INFO  o.s.scheduling.concurrent.ThreadPoolTaskExecutor - Initializing ExecutorService 'applicationTaskExecutor'
2019-12-11 15:06:57.933 [restartedMain] INFO  o.s.b.d.autoconfigure.OptionalLiveReloadServer - LiveReload server is running on port 35729
2019-12-11 15:06:57.956 [restartedMain] INFO  org.apache.coyote.http11.Http11NioProtocol - Starting ProtocolHandler ["http-nio-8090"]
2019-12-11 15:06:57.972 [restartedMain] INFO  o.s.boot.web.embedded.tomcat.TomcatWebServer - Tomcat started on port(s): 8090 (http) with context path ''
2019-12-11 15:06:57.974 [restartedMain] INFO  kingja.chat.DemoApplication - Started DemoApplication in 3.072 seconds (JVM running for 3.718)
